<?xml version="1.0" encoding="UTF-8"?>
<testsuite xmlns:xsi="http://www.w3.org/2001/XMLSchema-instance" xsi:noNamespaceSchemaLocation="https://maven.apache.org/surefire/maven-surefire-plugin/xsd/surefire-test-report.xsd" name="mrir2562.model.InventoryTest" time="0.054" tests="7" errors="0" skipped="0" failures="0">
  <properties>
[...]
</properties>
  <testcase name="lookupPart_searchItemIsNull" classname="mrir2562.model.InventoryTest" time="0.019"/>
  <testcase name="lookupPart_successLoopAll" classname="mrir2562.model.InventoryTest" time="0.005"/>
  <testcase name="lookupPart_notFound" classname="mrir2562.model.InventoryTest" time="0"/>
  <testcase name="lookupPart_successLookupByPartId" classname="mrir2562.model.InventoryTest" time="0"/>
  <testcase name="lookupPart_searchItemIsEmpty" classname="mrir2562.model.InventoryTest" time="0"/>
  <testcase name="lookupPart_successLookupByName" classname="mrir2562.model.InventoryTest" time="0"/>
  <testcase name="lookupPart_emptyList" classname="mrir2562.model.InventoryTest" time="0"/>
</testsuite>