<?xml version="1.0" encoding="UTF-8"?>
<testsuite xmlns:xsi="http://www.w3.org/2001/XMLSchema-instance" xsi:noNamespaceSchemaLocation="https://maven.apache.org/surefire/maven-surefire-plugin/xsd/surefire-test-report.xsd" name="inventory.model.InventoryTest" time="0.053" tests="7" errors="0" skipped="0" failures="0">
  <properties>
[...]
</properties>
  <testcase name="lookupPart_searchItemIsNull" classname="inventory.model.InventoryTest" time="0.02"/>
  <testcase name="lookupPart_successLoopAll" classname="inventory.model.InventoryTest" time="0.002"/>
  <testcase name="lookupPart_notFound" classname="inventory.model.InventoryTest" time="0.001"/>
  <testcase name="lookupPart_successLookupByPartId" classname="inventory.model.InventoryTest" time="0.001"/>
  <testcase name="lookupPart_searchItemIsEmpty" classname="inventory.model.InventoryTest" time="0"/>
  <testcase name="lookupPart_successLookupByName" classname="inventory.model.InventoryTest" time="0"/>
  <testcase name="lookupPart_emptyList" classname="inventory.model.InventoryTest" time="0"/>
</testsuite>